<?xml version="1.0" encoding="UTF-8"?>
<!-- Generated by org.testng.reporters.JUnitReportReporter -->
<testsuite hostname="fpkincedodev226" failures="0" tests="1" name="TestCases.TestFinalUserLogin" time="39.712" errors="0" timestamp="2023-05-12T06:06:40 PDT" skipped="0">
  <testcase classname="TestCases.TestFinalUserLogin" name="HomePageSearch" time="39.712"/>
  <system-out/>
</testsuite> <!-- TestCases.TestFinalUserLogin -->
