<?xml version="1.0" encoding="UTF-8"?>
<!-- Generated by org.testng.reporters.JUnitReportReporter -->
<testsuite hostname="fpkincedodev226" failures="0" tests="1" name="TestCases.TestProductListPage" time="18.459" errors="0" timestamp="2023-05-12T05:36:27 PDT" skipped="0">
  <testcase classname="TestCases.TestProductListPage" name="productListPage" time="18.459"/>
  <system-out/>
</testsuite> <!-- TestCases.TestProductListPage -->
