<?xml version="1.0" encoding="UTF-8"?>
<!-- Generated by org.testng.reporters.JUnitReportReporter -->
<testsuite hostname="fpkincedodev226" failures="0" tests="1" name="TestCases.TestHomePage" time="11.391" errors="0" timestamp="2023-05-12T01:38:34 PDT" skipped="0">
  <testcase classname="TestCases.TestHomePage" name="HomePageSearch" time="11.391"/>
  <system-out/>
</testsuite> <!-- TestCases.TestHomePage -->
